\BOOKMARK [0][-]{chapter.1}{\376\377\0001\000\040\000C\000l\000a\000s\000s\000\040\000I\000n\000d\000e\000x}{}% 1
\BOOKMARK [1][-]{section.1.1}{\376\377\0001\000.\0001\000\040\000C\000l\000a\000s\000s\000\040\000L\000i\000s\000t}{chapter.1}% 2
\BOOKMARK [0][-]{chapter.2}{\376\377\0002\000\040\000C\000l\000a\000s\000s\000\040\000D\000o\000c\000u\000m\000e\000n\000t\000a\000t\000i\000o\000n}{}% 3
\BOOKMARK [1][-]{section.2.1}{\376\377\0002\000.\0001\000\040\000C\000a\000l\000i\000b\000r\000a\000t\000i\000o\000n\000\040\000C\000l\000a\000s\000s\000\040\000R\000e\000f\000e\000r\000e\000n\000c\000e}{chapter.2}% 4
\BOOKMARK [2][-]{subsection.2.1.1}{\376\377\0002\000.\0001\000.\0001\000\040\000D\000e\000t\000a\000i\000l\000e\000d\000\040\000D\000e\000s\000c\000r\000i\000p\000t\000i\000o\000n}{section.2.1}% 5
\BOOKMARK [2][-]{subsection.2.1.2}{\376\377\0002\000.\0001\000.\0002\000\040\000M\000e\000m\000b\000e\000r\000\040\000F\000u\000n\000c\000t\000i\000o\000n\000\040\000D\000o\000c\000u\000m\000e\000n\000t\000a\000t\000i\000o\000n}{section.2.1}% 6
\BOOKMARK [3][-]{subsubsection.2.1.2.1}{\376\377\0002\000.\0001\000.\0002\000.\0001\000\040\000c\000a\000l\000i\000b\000r\000a\000t\000e\000I\000m\000g\000\050\000\051}{subsection.2.1.2}% 7
\BOOKMARK [3][-]{subsubsection.2.1.2.2}{\376\377\0002\000.\0001\000.\0002\000.\0002\000\040\000o\000b\000t\000e\000n\000e\000r\000I\000n\000p\000u\000t\000\050\000\051}{subsection.2.1.2}% 8
\BOOKMARK [3][-]{subsubsection.2.1.2.3}{\376\377\0002\000.\0001\000.\0002\000.\0003\000\040\000r\000e\000a\000d\000C\000a\000l\000i\000b\000r\000a\000t\000i\000o\000n\000M\000a\000t\000\050\000\051}{subsection.2.1.2}% 9
\BOOKMARK [3][-]{subsubsection.2.1.2.4}{\376\377\0002\000.\0001\000.\0002\000.\0004\000\040\000s\000t\000o\000r\000e\000C\000a\000l\000i\000b\000r\000a\000t\000i\000o\000n\000M\000a\000t\000\050\000\051}{subsection.2.1.2}% 10
\BOOKMARK [1][-]{section.2.2}{\376\377\0002\000.\0002\000\040\000C\000o\000l\000o\000r\000\040\000C\000l\000a\000s\000s\000\040\000R\000e\000f\000e\000r\000e\000n\000c\000e}{chapter.2}% 11
\BOOKMARK [2][-]{subsection.2.2.1}{\376\377\0002\000.\0002\000.\0001\000\040\000D\000e\000t\000a\000i\000l\000e\000d\000\040\000D\000e\000s\000c\000r\000i\000p\000t\000i\000o\000n}{section.2.2}% 12
\BOOKMARK [2][-]{subsection.2.2.2}{\376\377\0002\000.\0002\000.\0002\000\040\000M\000e\000m\000b\000e\000r\000\040\000F\000u\000n\000c\000t\000i\000o\000n\000\040\000D\000o\000c\000u\000m\000e\000n\000t\000a\000t\000i\000o\000n}{section.2.2}% 13
\BOOKMARK [3][-]{subsubsection.2.2.2.1}{\376\377\0002\000.\0002\000.\0002\000.\0001\000\040\000g\000e\000n\000e\000r\000a\000r\000C\000o\000l\000o\000r\000e\000s\000\050\000\051}{subsection.2.2.2}% 14
\BOOKMARK [3][-]{subsubsection.2.2.2.2}{\376\377\0002\000.\0002\000.\0002\000.\0002\000\040\000s\000c\000a\000l\000a\000r\000T\000o\000V\000e\000c\000\050\000\051}{subsection.2.2.2}% 15
\BOOKMARK [1][-]{section.2.3}{\376\377\0002\000.\0003\000\040\000C\000o\000m\000m\000o\000n\000F\000u\000n\000c\000t\000i\000o\000n\000s\000\040\000C\000l\000a\000s\000s\000\040\000R\000e\000f\000e\000r\000e\000n\000c\000e}{chapter.2}% 16
\BOOKMARK [2][-]{subsection.2.3.1}{\376\377\0002\000.\0003\000.\0001\000\040\000D\000e\000t\000a\000i\000l\000e\000d\000\040\000D\000e\000s\000c\000r\000i\000p\000t\000i\000o\000n}{section.2.3}% 17
\BOOKMARK [2][-]{subsection.2.3.2}{\376\377\0002\000.\0003\000.\0002\000\040\000M\000e\000m\000b\000e\000r\000\040\000F\000u\000n\000c\000t\000i\000o\000n\000\040\000D\000o\000c\000u\000m\000e\000n\000t\000a\000t\000i\000o\000n}{section.2.3}% 18
\BOOKMARK [3][-]{subsubsection.2.3.2.1}{\376\377\0002\000.\0003\000.\0002\000.\0001\000\040\000a\000d\000d\000A\000l\000p\000h\000a\000\050\000\051}{subsection.2.3.2}% 19
\BOOKMARK [3][-]{subsubsection.2.3.2.2}{\376\377\0002\000.\0003\000.\0002\000.\0002\000\040\000a\000d\000d\000T\000r\000a\000n\000s\000p\000a\000r\000e\000n\000c\000e\000\050\000\051}{subsection.2.3.2}% 20
\BOOKMARK [3][-]{subsubsection.2.3.2.3}{\376\377\0002\000.\0003\000.\0002\000.\0003\000\040\000b\000o\000u\000n\000d\000i\000n\000g\000B\000o\000x\000\050\000\051\000\040\000[\0001\000/\0002\000]}{subsection.2.3.2}% 21
\BOOKMARK [3][-]{subsubsection.2.3.2.4}{\376\377\0002\000.\0003\000.\0002\000.\0004\000\040\000b\000o\000u\000n\000d\000i\000n\000g\000B\000o\000x\000\050\000\051\000\040\000[\0002\000/\0002\000]}{subsection.2.3.2}% 22
\BOOKMARK [3][-]{subsubsection.2.3.2.5}{\376\377\0002\000.\0003\000.\0002\000.\0005\000\040\000c\000a\000r\000g\000a\000r\000I\000m\000a\000g\000e\000n\000\050\000\051}{subsection.2.3.2}% 23
\BOOKMARK [3][-]{subsubsection.2.3.2.6}{\376\377\0002\000.\0003\000.\0002\000.\0006\000\040\000c\000a\000r\000g\000a\000r\000I\000m\000a\000g\000e\000n\000e\000s\000\050\000\051}{subsection.2.3.2}% 24
\BOOKMARK [3][-]{subsubsection.2.3.2.7}{\376\377\0002\000.\0003\000.\0002\000.\0007\000\040\000c\000o\000p\000y\000T\000o\000T\000r\000a\000n\000s\000p\000a\000r\000e\000n\000t\000\050\000\051}{subsection.2.3.2}% 25
\BOOKMARK [3][-]{subsubsection.2.3.2.8}{\376\377\0002\000.\0003\000.\0002\000.\0008\000\040\000c\000r\000e\000a\000r\000C\000a\000r\000p\000e\000t\000a\000\050\000\051}{subsection.2.3.2}% 26
\BOOKMARK [3][-]{subsubsection.2.3.2.9}{\376\377\0002\000.\0003\000.\0002\000.\0009\000\040\000c\000r\000o\000p\000R\000e\000c\000t\000o\000r\000R\000O\000I\000\050\000\051}{subsection.2.3.2}% 27
\BOOKMARK [3][-]{subsubsection.2.3.2.10}{\376\377\0002\000.\0003\000.\0002\000.\0001\0000\000\040\000e\000s\000c\000r\000i\000b\000i\000r\000I\000m\000a\000g\000e\000n\000\050\000\051}{subsection.2.3.2}% 28
\BOOKMARK [3][-]{subsubsection.2.3.2.11}{\376\377\0002\000.\0003\000.\0002\000.\0001\0001\000\040\000e\000s\000c\000r\000i\000b\000i\000r\000P\000D\000F\000\050\000\051}{subsection.2.3.2}% 29
\BOOKMARK [3][-]{subsubsection.2.3.2.12}{\376\377\0002\000.\0003\000.\0002\000.\0001\0002\000\040\000e\000x\000i\000s\000t\000F\000i\000l\000e\000\050\000\051}{subsection.2.3.2}% 30
\BOOKMARK [3][-]{subsubsection.2.3.2.13}{\376\377\0002\000.\0003\000.\0002\000.\0001\0003\000\040\000h\000i\000s\000t\000D\000r\000a\000w\000\050\000\051}{subsection.2.3.2}% 31
\BOOKMARK [3][-]{subsubsection.2.3.2.14}{\376\377\0002\000.\0003\000.\0002\000.\0001\0004\000\040\000i\000n\000f\000o\000\050\000\051}{subsection.2.3.2}% 32
\BOOKMARK [3][-]{subsubsection.2.3.2.15}{\376\377\0002\000.\0003\000.\0002\000.\0001\0005\000\040\000m\000a\000n\000e\000j\000a\000r\000C\000a\000r\000p\000e\000t\000a\000\050\000\051}{subsection.2.3.2}% 33
\BOOKMARK [3][-]{subsubsection.2.3.2.16}{\376\377\0002\000.\0003\000.\0002\000.\0001\0006\000\040\000o\000b\000t\000e\000n\000e\000r\000F\000e\000c\000h\000a\000\050\000\051}{subsection.2.3.2}% 34
\BOOKMARK [3][-]{subsubsection.2.3.2.17}{\376\377\0002\000.\0003\000.\0002\000.\0001\0007\000\040\000o\000b\000t\000e\000n\000e\000r\000I\000m\000a\000g\000e\000n\000e\000s\000\050\000\051}{subsection.2.3.2}% 35
\BOOKMARK [3][-]{subsubsection.2.3.2.18}{\376\377\0002\000.\0003\000.\0002\000.\0001\0008\000\040\000o\000b\000t\000e\000n\000e\000r\000P\000a\000r\000a\000m\000e\000t\000r\000o\000\050\000\051}{subsection.2.3.2}% 36
\BOOKMARK [3][-]{subsubsection.2.3.2.19}{\376\377\0002\000.\0003\000.\0002\000.\0001\0009\000\040\000o\000b\000t\000e\000n\000e\000r\000U\000l\000t\000i\000m\000o\000D\000i\000r\000e\000c\000t\000o\000r\000i\000o\000\050\000\051}{subsection.2.3.2}% 37
\BOOKMARK [3][-]{subsubsection.2.3.2.20}{\376\377\0002\000.\0003\000.\0002\000.\0002\0000\000\040\000o\000b\000t\000e\000n\000e\000r\000U\000l\000t\000i\000m\000o\000D\000i\000r\000e\000c\000t\000o\000r\000i\000o\0002\000\050\000\051}{subsection.2.3.2}% 38
\BOOKMARK [3][-]{subsubsection.2.3.2.21}{\376\377\0002\000.\0003\000.\0002\000.\0002\0001\000\040\000r\000e\000c\000t\000R\000O\000I\000\050\000\051}{subsection.2.3.2}% 39
\BOOKMARK [3][-]{subsubsection.2.3.2.22}{\376\377\0002\000.\0003\000.\0002\000.\0002\0002\000\040\000r\000e\000m\000o\000v\000e\000A\000l\000p\000h\000a\000\050\000\051}{subsection.2.3.2}% 40
\BOOKMARK [3][-]{subsubsection.2.3.2.23}{\376\377\0002\000.\0003\000.\0002\000.\0002\0003\000\040\000r\000e\000m\000o\000v\000e\000r\000E\000x\000t\000e\000n\000s\000i\000o\000n\000\050\000\051}{subsection.2.3.2}% 41
\BOOKMARK [3][-]{subsubsection.2.3.2.24}{\376\377\0002\000.\0003\000.\0002\000.\0002\0004\000\040\000s\000h\000o\000w\000W\000i\000n\000d\000o\000w\000N\000o\000r\000m\000a\000l\000\050\000\051}{subsection.2.3.2}% 42
\BOOKMARK [3][-]{subsubsection.2.3.2.25}{\376\377\0002\000.\0003\000.\0002\000.\0002\0005\000\040\000t\000i\000e\000m\000p\000o\000\050\000\051}{subsection.2.3.2}% 43
\BOOKMARK [1][-]{section.2.4}{\376\377\0002\000.\0004\000\040\000F\000S\000M\000a\000n\000a\000g\000e\000r\000\040\000C\000l\000a\000s\000s\000\040\000R\000e\000f\000e\000r\000e\000n\000c\000e}{chapter.2}% 44
\BOOKMARK [2][-]{subsection.2.4.1}{\376\377\0002\000.\0004\000.\0001\000\040\000D\000e\000t\000a\000i\000l\000e\000d\000\040\000D\000e\000s\000c\000r\000i\000p\000t\000i\000o\000n}{section.2.4}% 45
\BOOKMARK [2][-]{subsection.2.4.2}{\376\377\0002\000.\0004\000.\0002\000\040\000C\000o\000n\000s\000t\000r\000u\000c\000t\000o\000r\000\040\000\046\000\040\000D\000e\000s\000t\000r\000u\000c\000t\000o\000r\000\040\000D\000o\000c\000u\000m\000e\000n\000t\000a\000t\000i\000o\000n}{section.2.4}% 46
\BOOKMARK [3][-]{subsubsection.2.4.2.1}{\376\377\0002\000.\0004\000.\0002\000.\0001\000\040\000F\000S\000M\000a\000n\000a\000g\000e\000r\000\050\000\051}{subsection.2.4.2}% 47
\BOOKMARK [2][-]{subsection.2.4.3}{\376\377\0002\000.\0004\000.\0003\000\040\000M\000e\000m\000b\000e\000r\000\040\000F\000u\000n\000c\000t\000i\000o\000n\000\040\000D\000o\000c\000u\000m\000e\000n\000t\000a\000t\000i\000o\000n}{section.2.4}% 48
\BOOKMARK [3][-]{subsubsection.2.4.3.1}{\376\377\0002\000.\0004\000.\0003\000.\0001\000\040\000a\000p\000p\000e\000n\000d\000F\000l\000o\000a\000t\000\050\000\051}{subsection.2.4.3}% 49
\BOOKMARK [3][-]{subsubsection.2.4.3.2}{\376\377\0002\000.\0004\000.\0003\000.\0002\000\040\000a\000p\000p\000e\000n\000d\000I\000n\000t\000\050\000\051}{subsection.2.4.3}% 50
\BOOKMARK [3][-]{subsubsection.2.4.3.3}{\376\377\0002\000.\0004\000.\0003\000.\0003\000\040\000a\000p\000p\000e\000n\000d\000S\000t\000r\000i\000n\000g\000\050\000\051}{subsection.2.4.3}% 51
\BOOKMARK [3][-]{subsubsection.2.4.3.4}{\376\377\0002\000.\0004\000.\0003\000.\0004\000\040\000a\000p\000p\000e\000n\000d\000V\000F\000l\000o\000a\000t\000\050\000\051}{subsection.2.4.3}% 52
\BOOKMARK [3][-]{subsubsection.2.4.3.5}{\376\377\0002\000.\0004\000.\0003\000.\0005\000\040\000a\000p\000p\000e\000n\000d\000V\000I\000n\000t\000\050\000\051}{subsection.2.4.3}% 53
\BOOKMARK [3][-]{subsubsection.2.4.3.6}{\376\377\0002\000.\0004\000.\0003\000.\0006\000\040\000e\000x\000i\000s\000t\000e\000F\000l\000o\000a\000t\000\050\000\051}{subsection.2.4.3}% 54
\BOOKMARK [3][-]{subsubsection.2.4.3.7}{\376\377\0002\000.\0004\000.\0003\000.\0007\000\040\000e\000x\000i\000s\000t\000e\000I\000n\000t\000\050\000\051}{subsection.2.4.3}% 55
\BOOKMARK [3][-]{subsubsection.2.4.3.8}{\376\377\0002\000.\0004\000.\0003\000.\0008\000\040\000e\000x\000i\000s\000t\000e\000S\000t\000r\000i\000n\000g\000\050\000\051}{subsection.2.4.3}% 56
\BOOKMARK [3][-]{subsubsection.2.4.3.9}{\376\377\0002\000.\0004\000.\0003\000.\0009\000\040\000e\000x\000i\000s\000t\000e\000V\000F\000l\000o\000a\000t\000\050\000\051}{subsection.2.4.3}% 57
\BOOKMARK [3][-]{subsubsection.2.4.3.10}{\376\377\0002\000.\0004\000.\0003\000.\0001\0000\000\040\000e\000x\000i\000s\000t\000e\000V\000I\000n\000t\000\050\000\051}{subsection.2.4.3}% 58
\BOOKMARK [3][-]{subsubsection.2.4.3.11}{\376\377\0002\000.\0004\000.\0003\000.\0001\0001\000\040\000r\000e\000a\000d\000F\000l\000o\000a\000t\000\050\000\051}{subsection.2.4.3}% 59
\BOOKMARK [3][-]{subsubsection.2.4.3.12}{\376\377\0002\000.\0004\000.\0003\000.\0001\0002\000\040\000r\000e\000a\000d\000I\000n\000t\000\050\000\051}{subsection.2.4.3}% 60
\BOOKMARK [3][-]{subsubsection.2.4.3.13}{\376\377\0002\000.\0004\000.\0003\000.\0001\0003\000\040\000r\000e\000a\000d\000S\000t\000r\000i\000n\000g\000\050\000\051}{subsection.2.4.3}% 61
\BOOKMARK [1][-]{section.2.5}{\376\377\0002\000.\0005\000\040\000I\000n\000d\000e\000x\000C\000a\000l\000c\000u\000l\000a\000t\000i\000o\000n\000\040\000C\000l\000a\000s\000s\000\040\000R\000e\000f\000e\000r\000e\000n\000c\000e}{chapter.2}% 62
\BOOKMARK [2][-]{subsection.2.5.1}{\376\377\0002\000.\0005\000.\0001\000\040\000D\000e\000t\000a\000i\000l\000e\000d\000\040\000D\000e\000s\000c\000r\000i\000p\000t\000i\000o\000n}{section.2.5}% 63
\BOOKMARK [2][-]{subsection.2.5.2}{\376\377\0002\000.\0005\000.\0002\000\040\000M\000e\000m\000b\000e\000r\000\040\000F\000u\000n\000c\000t\000i\000o\000n\000\040\000D\000o\000c\000u\000m\000e\000n\000t\000a\000t\000i\000o\000n}{section.2.5}% 64
\BOOKMARK [3][-]{subsubsection.2.5.2.1}{\376\377\0002\000.\0005\000.\0002\000.\0001\000\040\000e\000s\000c\000r\000i\000b\000i\000r\000S\000e\000g\000m\000e\000n\000t\000a\000c\000i\000o\000n\000e\000s\000\050\000\051}{subsection.2.5.2}% 65
\BOOKMARK [3][-]{subsubsection.2.5.2.2}{\376\377\0002\000.\0005\000.\0002\000.\0002\000\040\000i\000n\000d\000e\000x\000C\000a\000l\000c\000u\000\050\000\051}{subsection.2.5.2}% 66
\BOOKMARK [3][-]{subsubsection.2.5.2.3}{\376\377\0002\000.\0005\000.\0002\000.\0003\000\040\000i\000n\000d\000e\000x\000C\000a\000l\000c\000u\000M\000S\000\050\000\051}{subsection.2.5.2}% 67
\BOOKMARK [3][-]{subsubsection.2.5.2.4}{\376\377\0002\000.\0005\000.\0002\000.\0004\000\040\000i\000n\000d\000e\000x\000C\000a\000l\000c\000u\000R\000G\000B\000\050\000\051}{subsection.2.5.2}% 68
\BOOKMARK [3][-]{subsubsection.2.5.2.5}{\376\377\0002\000.\0005\000.\0002\000.\0005\000\040\000n\000d\000v\000i\000C\000a\000l\000c\000u\000l\000a\000t\000i\000o\000n\000\050\000\051}{subsection.2.5.2}% 69
\BOOKMARK [3][-]{subsubsection.2.5.2.6}{\376\377\0002\000.\0005\000.\0002\000.\0006\000\040\000o\000b\000t\000e\000n\000e\000r\000I\000n\000p\000u\000t\000\050\000\051}{subsection.2.5.2}% 70
\BOOKMARK [3][-]{subsubsection.2.5.2.7}{\376\377\0002\000.\0005\000.\0002\000.\0007\000\040\000o\000b\000t\000e\000n\000e\000r\000M\000S\000I\000n\000p\000u\000t\000\050\000\051}{subsection.2.5.2}% 71
\BOOKMARK [3][-]{subsubsection.2.5.2.8}{\376\377\0002\000.\0005\000.\0002\000.\0008\000\040\000o\000b\000t\000e\000n\000e\000r\000M\000S\000O\000u\000t\000p\000u\000t\000\050\000\051}{subsection.2.5.2}% 72
\BOOKMARK [3][-]{subsubsection.2.5.2.9}{\376\377\0002\000.\0005\000.\0002\000.\0009\000\040\000o\000b\000t\000e\000n\000e\000r\000R\000G\000B\000I\000n\000p\000u\000t\000\050\000\051}{subsection.2.5.2}% 73
\BOOKMARK [3][-]{subsubsection.2.5.2.10}{\376\377\0002\000.\0005\000.\0002\000.\0001\0000\000\040\000o\000b\000t\000e\000n\000e\000r\000R\000G\000B\000O\000u\000t\000p\000u\000t\000\050\000\051}{subsection.2.5.2}% 74
\BOOKMARK [3][-]{subsubsection.2.5.2.11}{\376\377\0002\000.\0005\000.\0002\000.\0001\0001\000\040\000r\000g\000C\000a\000l\000c\000u\000l\000a\000t\000i\000o\000n\000\050\000\051}{subsection.2.5.2}% 75
\BOOKMARK [3][-]{subsubsection.2.5.2.12}{\376\377\0002\000.\0005\000.\0002\000.\0001\0002\000\040\000r\000v\000i\000C\000a\000l\000c\000u\000l\000a\000t\000i\000o\000n\000\050\000\051}{subsection.2.5.2}% 76
\BOOKMARK [1][-]{section.2.6}{\376\377\0002\000.\0006\000\040\000P\000e\000r\000f\000o\000r\000m\000a\000n\000c\000e\000\040\000C\000l\000a\000s\000s\000\040\000R\000e\000f\000e\000r\000e\000n\000c\000e}{chapter.2}% 77
\BOOKMARK [2][-]{subsection.2.6.1}{\376\377\0002\000.\0006\000.\0001\000\040\000D\000e\000t\000a\000i\000l\000e\000d\000\040\000D\000e\000s\000c\000r\000i\000p\000t\000i\000o\000n}{section.2.6}% 78
\BOOKMARK [1][-]{section.2.7}{\376\377\0002\000.\0007\000\040\000R\000e\000d\000a\000c\000t\000i\000o\000n\000\040\000C\000l\000a\000s\000s\000\040\000R\000e\000f\000e\000r\000e\000n\000c\000e}{chapter.2}% 79
\BOOKMARK [2][-]{subsection.2.7.1}{\376\377\0002\000.\0007\000.\0001\000\040\000D\000e\000t\000a\000i\000l\000e\000d\000\040\000D\000e\000s\000c\000r\000i\000p\000t\000i\000o\000n}{section.2.7}% 80
\BOOKMARK [2][-]{subsection.2.7.2}{\376\377\0002\000.\0007\000.\0002\000\040\000M\000e\000m\000b\000e\000r\000\040\000F\000u\000n\000c\000t\000i\000o\000n\000\040\000D\000o\000c\000u\000m\000e\000n\000t\000a\000t\000i\000o\000n}{section.2.7}% 81
\BOOKMARK [3][-]{subsubsection.2.7.2.1}{\376\377\0002\000.\0007\000.\0002\000.\0001\000\040\000g\000e\000n\000e\000r\000a\000t\000e\000P\000D\000F\000\050\000\051}{subsection.2.7.2}% 82
\BOOKMARK [3][-]{subsubsection.2.7.2.2}{\376\377\0002\000.\0007\000.\0002\000.\0002\000\040\000w\000r\000i\000t\000e\000F\000u\000l\000l\000P\000a\000g\000e\000I\000m\000g\000\050\000\051}{subsection.2.7.2}% 83
\BOOKMARK [1][-]{section.2.8}{\376\377\0002\000.\0008\000\040\000S\000e\000g\000m\000e\000n\000t\000a\000t\000i\000o\000n\000\040\000C\000l\000a\000s\000s\000\040\000R\000e\000f\000e\000r\000e\000n\000c\000e}{chapter.2}% 84
\BOOKMARK [2][-]{subsection.2.8.1}{\376\377\0002\000.\0008\000.\0001\000\040\000D\000e\000t\000a\000i\000l\000e\000d\000\040\000D\000e\000s\000c\000r\000i\000p\000t\000i\000o\000n}{section.2.8}% 85
\BOOKMARK [2][-]{subsection.2.8.2}{\376\377\0002\000.\0008\000.\0002\000\040\000M\000e\000m\000b\000e\000r\000\040\000F\000u\000n\000c\000t\000i\000o\000n\000\040\000D\000o\000c\000u\000m\000e\000n\000t\000a\000t\000i\000o\000n}{section.2.8}% 86
\BOOKMARK [3][-]{subsubsection.2.8.2.1}{\376\377\0002\000.\0008\000.\0002\000.\0001\000\040\000c\000r\000e\000a\000t\000e\000L\000u\000t\000\050\000\051}{subsection.2.8.2}% 87
\BOOKMARK [3][-]{subsubsection.2.8.2.2}{\376\377\0002\000.\0008\000.\0002\000.\0002\000\040\000d\000r\000a\000w\000I\000n\000d\000e\000x\000O\000f\000I\000n\000d\000e\000x\000\050\000\051}{subsection.2.8.2}% 88
\BOOKMARK [3][-]{subsubsection.2.8.2.3}{\376\377\0002\000.\0008\000.\0002\000.\0003\000\040\000g\000e\000n\000e\000r\000a\000r\000G\000r\000a\000f\000i\000c\000o\000\050\000\051}{subsection.2.8.2}% 89
\BOOKMARK [3][-]{subsubsection.2.8.2.4}{\376\377\0002\000.\0008\000.\0002\000.\0004\000\040\000n\000o\000r\000m\000a\000l\000i\000z\000a\000t\000e\000M\000a\000t\000\050\000\051}{subsection.2.8.2}% 90
\BOOKMARK [3][-]{subsubsection.2.8.2.5}{\376\377\0002\000.\0008\000.\0002\000.\0005\000\040\000s\000e\000g\000m\000e\000n\000t\000a\000t\000i\000o\000n\000V\000a\000r\000i\000a\000t\000i\000o\000n\000\050\000\051}{subsection.2.8.2}% 91
\BOOKMARK [3][-]{subsubsection.2.8.2.6}{\376\377\0002\000.\0008\000.\0002\000.\0006\000\040\000s\000e\000p\000a\000r\000a\000r\000S\000u\000e\000l\000o\000\050\000\051}{subsection.2.8.2}% 92
\BOOKMARK [1][-]{section.2.9}{\376\377\0002\000.\0009\000\040\000u\000a\000v\000:\000:\000S\000t\000i\000t\000c\000h\000e\000r\000\040\000C\000l\000a\000s\000s\000\040\000R\000e\000f\000e\000r\000e\000n\000c\000e}{chapter.2}% 93
\BOOKMARK [2][-]{subsection.2.9.1}{\376\377\0002\000.\0009\000.\0001\000\040\000D\000e\000t\000a\000i\000l\000e\000d\000\040\000D\000e\000s\000c\000r\000i\000p\000t\000i\000o\000n}{section.2.9}% 94
\BOOKMARK [2][-]{subsection.2.9.2}{\376\377\0002\000.\0009\000.\0002\000\040\000M\000e\000m\000b\000e\000r\000\040\000F\000u\000n\000c\000t\000i\000o\000n\000\040\000D\000o\000c\000u\000m\000e\000n\000t\000a\000t\000i\000o\000n}{section.2.9}% 95
\BOOKMARK [3][-]{subsubsection.2.9.2.1}{\376\377\0002\000.\0009\000.\0002\000.\0001\000\040\000c\000o\000m\000p\000a\000r\000e\000M\000a\000t\000s\000\050\000\051}{subsection.2.9.2}% 96
\BOOKMARK [3][-]{subsubsection.2.9.2.2}{\376\377\0002\000.\0009\000.\0002\000.\0002\000\040\000c\000o\000p\000y\000T\000o\000T\000r\000a\000n\000s\000p\000a\000r\000e\000n\000t\000\050\000\051}{subsection.2.9.2}% 97
\BOOKMARK [3][-]{subsubsection.2.9.2.3}{\376\377\0002\000.\0009\000.\0002\000.\0003\000\040\000e\000s\000c\000r\000i\000b\000i\000r\000O\000u\000t\000p\000u\000t\000\050\000\051}{subsection.2.9.2}% 98
\BOOKMARK [3][-]{subsubsection.2.9.2.4}{\376\377\0002\000.\0009\000.\0002\000.\0004\000\040\000e\000s\000c\000r\000i\000b\000i\000r\000O\000u\000t\000p\000u\000t\000O\000r\000t\000o\000\050\000\051}{subsection.2.9.2}% 99
\BOOKMARK [3][-]{subsubsection.2.9.2.5}{\376\377\0002\000.\0009\000.\0002\000.\0005\000\040\000e\000v\000a\000l\000u\000a\000t\000e\000H\000o\000m\000o\000g\000r\000a\000p\000h\000y\000\050\000\051}{subsection.2.9.2}% 100
\BOOKMARK [3][-]{subsubsection.2.9.2.6}{\376\377\0002\000.\0009\000.\0002\000.\0006\000\040\000g\000e\000t\000H\000o\000m\000o\000g\000r\000a\000p\000h\000y\000\050\000\051}{subsection.2.9.2}% 101
\BOOKMARK [3][-]{subsubsection.2.9.2.7}{\376\377\0002\000.\0009\000.\0002\000.\0007\000\040\000o\000b\000t\000e\000n\000e\000r\000I\000n\000p\000u\000t\000\050\000\051}{subsection.2.9.2}% 102
\BOOKMARK [3][-]{subsubsection.2.9.2.8}{\376\377\0002\000.\0009\000.\0002\000.\0008\000\040\000o\000b\000t\000e\000n\000e\000r\000I\000n\000p\000u\000t\000O\000r\000t\000o\000\050\000\051}{subsection.2.9.2}% 103
\BOOKMARK [3][-]{subsubsection.2.9.2.9}{\376\377\0002\000.\0009\000.\0002\000.\0009\000\040\000o\000b\000t\000e\000n\000e\000r\000O\000u\000t\000p\000u\000t\000O\000r\000t\000o\000\050\000\051}{subsection.2.9.2}% 104
\BOOKMARK [3][-]{subsubsection.2.9.2.10}{\376\377\0002\000.\0009\000.\0002\000.\0001\0000\000\040\000o\000b\000t\000e\000n\000e\000r\000O\000u\000t\000p\000u\000t\000R\000F\000\050\000\051}{subsection.2.9.2}% 105
\BOOKMARK [3][-]{subsubsection.2.9.2.11}{\376\377\0002\000.\0009\000.\0002\000.\0001\0001\000\040\000r\000u\000n\000A\000l\000l\000\050\000\051}{subsection.2.9.2}% 106
\BOOKMARK [3][-]{subsubsection.2.9.2.12}{\376\377\0002\000.\0009\000.\0002\000.\0001\0002\000\040\000s\000t\000i\000t\000c\000h\000I\000m\000g\000s\000\050\000\051}{subsection.2.9.2}% 107
\BOOKMARK [3][-]{subsubsection.2.9.2.13}{\376\377\0002\000.\0009\000.\0002\000.\0001\0003\000\040\000s\000t\000i\000t\000c\000h\000W\000a\000r\000p\000\050\000\051}{subsection.2.9.2}% 108
\BOOKMARK [1][-]{section.2.10}{\376\377\0002\000.\0001\0000\000\040\000U\000n\000d\000i\000s\000t\000o\000r\000t\000\040\000C\000l\000a\000s\000s\000\040\000R\000e\000f\000e\000r\000e\000n\000c\000e}{chapter.2}% 109
\BOOKMARK [2][-]{subsection.2.10.1}{\376\377\0002\000.\0001\0000\000.\0001\000\040\000D\000e\000t\000a\000i\000l\000e\000d\000\040\000D\000e\000s\000c\000r\000i\000p\000t\000i\000o\000n}{section.2.10}% 110
\BOOKMARK [2][-]{subsection.2.10.2}{\376\377\0002\000.\0001\0000\000.\0002\000\040\000M\000e\000m\000b\000e\000r\000\040\000F\000u\000n\000c\000t\000i\000o\000n\000\040\000D\000o\000c\000u\000m\000e\000n\000t\000a\000t\000i\000o\000n}{section.2.10}% 111
\BOOKMARK [3][-]{subsubsection.2.10.2.1}{\376\377\0002\000.\0001\0000\000.\0002\000.\0001\000\040\000e\000s\000c\000r\000i\000b\000i\000r\000O\000u\000t\000p\000u\000t\000\050\000\051}{subsection.2.10.2}% 112
\BOOKMARK [3][-]{subsubsection.2.10.2.2}{\376\377\0002\000.\0001\0000\000.\0002\000.\0002\000\040\000o\000b\000t\000e\000n\000e\000r\000I\000n\000p\000u\000t\000\050\000\051}{subsection.2.10.2}% 113
\BOOKMARK [3][-]{subsubsection.2.10.2.3}{\376\377\0002\000.\0001\0000\000.\0002\000.\0003\000\040\000u\000n\000d\000i\000s\000t\000o\000r\000t\000I\000m\000g\000s\000\050\000\051}{subsection.2.10.2}% 114
\BOOKMARK [1][-]{section.2.11}{\376\377\0002\000.\0001\0001\000\040\000U\000t\000i\000l\000I\000n\000f\000o\000r\000m\000a\000t\000i\000o\000n\000\040\000C\000l\000a\000s\000s\000\040\000R\000e\000f\000e\000r\000e\000n\000c\000e}{chapter.2}% 115
\BOOKMARK [2][-]{subsection.2.11.1}{\376\377\0002\000.\0001\0001\000.\0001\000\040\000D\000e\000t\000a\000i\000l\000e\000d\000\040\000D\000e\000s\000c\000r\000i\000p\000t\000i\000o\000n}{section.2.11}% 116
\BOOKMARK [2][-]{subsection.2.11.2}{\376\377\0002\000.\0001\0001\000.\0002\000\040\000M\000e\000m\000b\000e\000r\000\040\000F\000u\000n\000c\000t\000i\000o\000n\000\040\000D\000o\000c\000u\000m\000e\000n\000t\000a\000t\000i\000o\000n}{section.2.11}% 117
\BOOKMARK [3][-]{subsubsection.2.11.2.1}{\376\377\0002\000.\0001\0001\000.\0002\000.\0001\000\040\000c\000a\000l\000c\000u\000l\000a\000r\000H\000e\000c\000t\000a\000r\000e\000a\000s\000\050\000\051}{subsection.2.11.2}% 118
\BOOKMARK [0][-]{section*.18}{\376\377\000I\000n\000d\000e\000x}{}% 119
